Removed Pin From Net: NetName=3.3V Pin=C11-2
Removed Pin From Net: NetName=GND Pin=H2-2
Removed Pin From Net: NetName=3.3V Pin=P1-1
Removed Pin From Net: NetName=3.3V Pin=U4-9
Removed Pin From Net: NetName=3.3V Pin=U4-24
Removed Pin From Net: NetName=3.3V Pin=U4-36
Removed Pin From Net: NetName=3.3V Pin=U4-48
Added Pin To Net: NetName=3.3V Pin=C1-2
Added Pin To Net: NetName=3.3V Pin=C2-2
Added Pin To Net: NetName=3.3V Pin=C3-2
Added Pin To Net: NetName=3.3V Pin=C4-2
Added Pin To Net: NetName=NetC5_2 Pin=C11-2
Added Pin To Net: NetName=3.3V Pin=H1-1
Added Pin To Net: NetName=3.3V Pin=H2-1
Added Pin To Net: NetName=GND Pin=H2-5
Added Pin To Net: NetName=3.3V Pin=J1-A4_B9
Added Pin To Net: NetName=3.3V Pin=J1-B4_A9
Added Pin To Net: NetName=3.3V Pin=J2-VDD
Added Pin To Net: NetName=GND Pin=JP1-2
Added Pin To Net: NetName=GND Pin=JP1-4
Added Pin To Net: NetName=GND Pin=JP2-2
Added Pin To Net: NetName=NetC5_2 Pin=P1-1
Added Pin To Net: NetName=3.3V Pin=RL1-1
Added Pin To Net: NetName=3.3V Pin=RL2-1
Added Pin To Net: NetName=3.3V Pin=RL3-1
Added Pin To Net: NetName=3.3V Pin=U1-2
Added Pin To Net: NetName=PB6 Pin=U1-3
Added Pin To Net: NetName=PB7 Pin=U1-4
Added Pin To Net: NetName=3.3V Pin=U2-1
Added Pin To Net: NetName=3.3V Pin=U2-3
Added Pin To Net: NetName=NetC5_2 Pin=U4-9
Added Pin To Net: NetName=NetC5_2 Pin=U4-24
Added Pin To Net: NetName=NetC5_2 Pin=U4-36
Added Pin To Net: NetName=NetC5_2 Pin=U4-48
Change Net Name : Old Net Name=3.3V New Net Name=5V
Change Net Name : Old Net Name=NetC5_2 New Net Name=3.3V
Added Pin To Net: NetName=fan Pin=JP2-1
Added Pin To Net: NetName=fan Pin=RL3-3
Added Net: Name=fan
Added Pin To Net: NetName=voi 1 Pin=JP1-1
Added Pin To Net: NetName=voi 1 Pin=RL1-3
Added Net: Name=voi 1
Added Pin To Net: NetName=voi 2 Pin=JP1-3
Added Pin To Net: NetName=voi 2 Pin=RL2-3
Added Net: Name=voi 2
Added Room: Name=Sheet1
