Added Component: Designator=C13(C-0805)
Add component (AddParameter): Name = "Value"; Value = "103"; VariantName = "[No Variations]"
Added Component: Designator=C14(C-0805)
Add component (AddParameter): Name = "Value"; Value = "103"; VariantName = "[No Variations]"
Added Component: Designator=C15(C-0805)
Add component (AddParameter): Name = "Value"; Value = "103"; VariantName = "[No Variations]"
Added Component: Designator=C16(C-0805)
Add component (AddParameter): Name = "Value"; Value = "103"; VariantName = "[No Variations]"
Added Component: Designator=C17(C-0805)
Add component (AddParameter): Name = "Value"; Value = "103"; VariantName = "[No Variations]"
Added Component: Designator=C18(C-0805)
Add component (AddParameter): Name = "Value"; Value = "103"; VariantName = "[No Variations]"
Added Component: Designator=C19(C-0805)
Add component (AddParameter): Name = "Value"; Value = "103"; VariantName = "[No Variations]"
Added Component: Designator=C20(C-0805)
Add component (AddParameter): Name = "Value"; Value = "103"; VariantName = "[No Variations]"
Added Component: Designator=C21(C-0805)
Add component (AddParameter): Name = "Value"; Value = "103"; VariantName = "[No Variations]"
Added Component: Designator=C22(C-0805)
Add component (AddParameter): Name = "Value"; Value = "103"; VariantName = "[No Variations]"
Added Component: Designator=C23(C-0805)
Add component (AddParameter): Name = "Value"; Value = "103"; VariantName = "[No Variations]"
Added Component: Designator=C24(C-0805)
Add component (AddParameter): Name = "Value"; Value = "103"; VariantName = "[No Variations]"
Added Component: Designator=D4(D1A)
Add component (AddParameter): Name = "Value"; Value = "1N4007"; VariantName = "[No Variations]"
Added Component: Designator=D5(D1A)
Add component (AddParameter): Name = "Value"; Value = "1N4007"; VariantName = "[No Variations]"
Added Component: Designator=D6(D1A)
Add component (AddParameter): Name = "Value"; Value = "1N4007"; VariantName = "[No Variations]"
Added Component: Designator=H4(Header 5P DC 2.54)
Add component (AddParameter): Name = "Chung_Loai"; Value = "C?m"; VariantName = "[No Variations]"
Add component (AddParameter): Name = "Don_Vi"; Value = "Con"; VariantName = "[No Variations]"
Add component (AddParameter): Name = "Ghi_Chu"; Value = ""; VariantName = "[No Variations]"
Add component (AddParameter): Name = "Kieu_Chan"; Value = ""; VariantName = "[No Variations]"
Add component (AddParameter): Name = "Ma_Hang"; Value = "MH001308"; VariantName = "[No Variations]"
Add component (AddParameter): Name = "Ten_Linh_Kien"; Value = "Header 5P XH2.54-5P Ð?c Cong"; VariantName = "[No Variations]"
Added Component: Designator=H5(XH2.54M-4)
Add component (AddParameter): Name = "Chung_Loai"; Value = "C?m"; VariantName = "[No Variations]"
Add component (AddParameter): Name = "Don_Vi"; Value = "Con"; VariantName = "[No Variations]"
Add component (AddParameter): Name = "Ghi_Chu"; Value = ""; VariantName = "[No Variations]"
Add component (AddParameter): Name = "Kieu_Chan"; Value = ""; VariantName = "[No Variations]"
Add component (AddParameter): Name = "Ma_Hang"; Value = "MH001285"; VariantName = "[No Variations]"
Add component (AddParameter): Name = "Ten_Linh_Kien"; Value = "Header 4P XH2.54-4P Ð?c Th?ng"; VariantName = "[No Variations]"
Added Component: Designator=H6(XH2.54M-5)
Add component (AddParameter): Name = "Chung_Loai"; Value = "C?m"; VariantName = "[No Variations]"
Add component (AddParameter): Name = "Don_Vi"; Value = "Con"; VariantName = "[No Variations]"
Add component (AddParameter): Name = "Ghi_Chu"; Value = ""; VariantName = "[No Variations]"
Add component (AddParameter): Name = "Kieu_Chan"; Value = ""; VariantName = "[No Variations]"
Add component (AddParameter): Name = "Ma_Hang"; Value = "MH001298"; VariantName = "[No Variations]"
Add component (AddParameter): Name = "Ten_Linh_Kien"; Value = "Header 5P XH2.54-5P Ð?c Th?ng"; VariantName = "[No Variations]"
Added Component: Designator=J2(HRO_TYPE-C-31-M-12)
Add component (AddParameter): Name = "Availability"; Value = "Not in stock"; VariantName = "[No Variations]"
Add component (AddParameter): Name = "Check_prices"; Value = "https://www.snapeda.com/parts/TYPE-C-31-M-12/HRO+Electronics+Co.%252C+Ltd./view-part/?ref=eda"; VariantName = "[No Variations]"
Add component (AddParameter): Name = "MF"; Value = "HRO Electronics Co., Ltd."; VariantName = "[No Variations]"
Add component (AddParameter): Name = "MP"; Value = "TYPE-C-31-M-12"; VariantName = "[No Variations]"
Add component (AddParameter): Name = "Package"; Value = "Package"; VariantName = "[No Variations]"
Add component (AddParameter): Name = "Price"; Value = "None"; VariantName = "[No Variations]"
Add component (AddParameter): Name = "SnapEDA_Link"; Value = "https://www.snapeda.com/parts/TYPE-C-31-M-12/HRO+Electronics+Co.%252C+Ltd./view-part/?ref=snap"; VariantName = "[No Variations]"
Add component (AddParameter): Name = "Value"; Value = ""; VariantName = "[No Variations]"
Added Component: Designator=JP3(CON4)
Add component (AddParameter): Name = "Value"; Value = "Connector 4"; VariantName = "[No Variations]"
Added Component: Designator=JP4(CON2)
Add component (AddParameter): Name = "Value"; Value = "Connector 2"; VariantName = "[No Variations]"
Added Component: Designator=LED3(LED-3)
Add component (AddParameter): Name = "Value"; Value = "LED 3 ly Single Colour"; VariantName = "[No Variations]"
Added Component: Designator=LED4(LED-3)
Add component (AddParameter): Name = "Value"; Value = "LED 3 ly Single Colour"; VariantName = "[No Variations]"
Added Component: Designator=P2(HDR1X4)
Add component (AddParameter): Name = "LatestRevisionDate"; Value = "17-Jul-2002"; VariantName = "[No Variations]"
Add component (AddParameter): Name = "LatestRevisionNote"; Value = "Re-released for DXP Platform."; VariantName = "[No Variations]"
Add component (AddParameter): Name = "Publisher"; Value = "Altium Limited"; VariantName = "[No Variations]"
Added Component: Designator=Q4(QTO-92)
Added Component: Designator=Q5(QTO-92)
Added Component: Designator=Q6(QTO-92)
Added Component: Designator=R3(SM-1206)
Add component (AddParameter): Name = "Value"; Value = "R1/4W - 1K"; VariantName = "[No Variations]"
Added Component: Designator=R4(SM-1206)
Add component (AddParameter): Name = "Value"; Value = "R1/4W - 1K"; VariantName = "[No Variations]"
Added Component: Designator=RL4(RL_SPDT_10A)
Add component (AddParameter): Name = "Value"; Value = "Relay SPDT, 10A, 12V"; VariantName = "[No Variations]"
Added Component: Designator=RL5(RL_SPDT_10A)
Add component (AddParameter): Name = "Value"; Value = "Relay SPDT, 10A, 12V"; VariantName = "[No Variations]"
Added Component: Designator=RL6(RL_SPDT_10A)
Add component (AddParameter): Name = "Value"; Value = "Relay SPDT, 10A, 12V"; VariantName = "[No Variations]"
Added Component: Designator=SW5(SW2)
Add component (AddParameter): Name = "Value"; Value = "SW chip 2 pin"; VariantName = "[No Variations]"
Added Component: Designator=SW6(SW2)
Add component (AddParameter): Name = "Value"; Value = "SW chip 2 pin"; VariantName = "[No Variations]"
Added Component: Designator=SW7(SW2)
Add component (AddParameter): Name = "Value"; Value = "SW chip 2 pin"; VariantName = "[No Variations]"
Added Component: Designator=SW8(SW2)
Add component (AddParameter): Name = "Value"; Value = "SW chip 2 pin"; VariantName = "[No Variations]"
Added Component: Designator=U7(MODULE_DM-OLED096-636)
Add component (AddParameter): Name = "Check_prices"; Value = "https://www.snapeda.com/parts/DM-OLED096-636/Display+Module/view-part/?ref=eda"; VariantName = "[No Variations]"
Add component (AddParameter): Name = "MF"; Value = "Display Module"; VariantName = "[No Variations]"
Add component (AddParameter): Name = "MP"; Value = "DM-OLED096-636"; VariantName = "[No Variations]"
Add component (AddParameter): Name = "Package"; Value = "Package"; VariantName = "[No Variations]"
Add component (AddParameter): Name = "SnapEDA_Link"; Value = "https://www.snapeda.com/parts/DM-OLED096-636/Display+Module/view-part/?ref=snap"; VariantName = "[No Variations]"
Add component (AddParameter): Name = "Value"; Value = ""; VariantName = "[No Variations]"
Added Component: Designator=U8(SOT94P279X129-5N)
Add component (AddParameter): Name = "Check_prices"; Value = "https://www.snapeda.com/parts/RT9193-33GB/Richtek+USA+Inc./view-part/?ref=eda"; VariantName = "[No Variations]"
Add component (AddParameter): Name = "Digi-Key_Part_Number"; Value = "1028-1014-2-ND"; VariantName = "[No Variations]"
Add component (AddParameter): Name = "MF"; Value = "Richtek USA"; VariantName = "[No Variations]"
Add component (AddParameter): Name = "MP"; Value = "RT9193-33GB"; VariantName = "[No Variations]"
Add component (AddParameter): Name = "Package"; Value = "SOT-23-5 Richtek"; VariantName = "[No Variations]"
Add component (AddParameter): Name = "Purchase-URL"; Value = "https://pricing.snapeda.com/search/part/RT9193-33GB/?ref=eda"; VariantName = "[No Variations]"
Add component (AddParameter): Name = "SnapEDA_Link"; Value = "https://www.snapeda.com/parts/RT9193-33GB/Richtek+USA+Inc./view-part/?ref=snap"; VariantName = "[No Variations]"
Add component (AddParameter): Name = "Value"; Value = ""; VariantName = "[No Variations]"
Added Component: Designator=U9(DIP4/W0.3)
Add component (AddParameter): Name = "Value"; Value = "PC817"; VariantName = "[No Variations]"
Added Component: Designator=U10(QFP50P900X900X160-48N)
Add component (AddParameter): Name = "Check_prices"; Value = "https://www.snapeda.com/parts/STM32F103C8T6/STMicroelectronics/view-part/?ref=eda"; VariantName = "[No Variations]"
Add component (AddParameter): Name = "MF"; Value = "STMicroelectronics"; VariantName = "[No Variations]"
Add component (AddParameter): Name = "MP"; Value = "STM32F103C8T6"; VariantName = "[No Variations]"
Add component (AddParameter): Name = "Package"; Value = "LQFP-48 STMicroelectronics"; VariantName = "[No Variations]"
Add component (AddParameter): Name = "SnapEDA_Link"; Value = "https://www.snapeda.com/parts/STM32F103C8T6/STMicroelectronics/view-part/?ref=snap"; VariantName = "[No Variations]"
Add component (AddParameter): Name = "Value"; Value = ""; VariantName = "[No Variations]"
Added Component: Designator=U11(DIP4/W0.3)
Add component (AddParameter): Name = "Value"; Value = "PC817"; VariantName = "[No Variations]"
Added Component: Designator=U12(DIP4/W0.3)
Add component (AddParameter): Name = "Value"; Value = "PC817"; VariantName = "[No Variations]"
Added Component: Designator=X2(XT2)
Add component (AddParameter): Name = "Value"; Value = "4Mhz"; VariantName = "[No Variations]"
Added Component: Designator=Y2(XTAL_ABS07-32.768KHZ-T)
Add component (AddParameter): Name = "Availability"; Value = "In Stock"; VariantName = "[No Variations]"
Add component (AddParameter): Name = "Check_prices"; Value = "https://www.snapeda.com/parts/ABS07-32.768KHZ-T/Abracon+LLC/view-part/?ref=eda"; VariantName = "[No Variations]"
Add component (AddParameter): Name = "MF"; Value = "Abracon"; VariantName = "[No Variations]"
Add component (AddParameter): Name = "MP"; Value = "ABS07-32.768KHZ-T"; VariantName = "[No Variations]"
Add component (AddParameter): Name = "Package"; Value = "SMD-2 Abracon LLC"; VariantName = "[No Variations]"
Add component (AddParameter): Name = "Price"; Value = "None"; VariantName = "[No Variations]"
Add component (AddParameter): Name = "Purchase-URL"; Value = "https://pricing.snapeda.com/search/part/ABS07-32.768KHZ-T/?ref=eda"; VariantName = "[No Variations]"
Add component (AddParameter): Name = "SnapEDA_Link"; Value = "https://www.snapeda.com/parts/ABS07-32.768KHZ-T/Abracon+LLC/view-part/?ref=snap"; VariantName = "[No Variations]"
Add component (AddParameter): Name = "Value"; Value = ""; VariantName = "[No Variations]"
Added Pin To Net: NetName=GND Pin=C13-1
Added Pin To Net: NetName=5V Pin=C13-2
Added Pin To Net: NetName=GND Pin=C14-1
Added Pin To Net: NetName=5V Pin=C14-2
Added Pin To Net: NetName=GND Pin=C15-1
Added Pin To Net: NetName=5V Pin=C15-2
Added Pin To Net: NetName=GND Pin=C16-1
Added Pin To Net: NetName=5V Pin=C16-2
Added Pin To Net: NetName=GND Pin=C17-1
Added Pin To Net: NetName=3.3V Pin=C17-2
Added Pin To Net: NetName=GND Pin=C18-1
Added Pin To Net: NetName=3.3V Pin=C18-2
Added Pin To Net: NetName=GND Pin=C19-1
Added Pin To Net: NetName=GND Pin=C20-1
Added Pin To Net: NetName=PD0 Pin=C20-2
Added Pin To Net: NetName=GND Pin=C21-1
Added Pin To Net: NetName=PD1 Pin=C21-2
Added Pin To Net: NetName=GND Pin=C22-1
Added Pin To Net: NetName=PC14 Pin=C22-2
Added Pin To Net: NetName=GND Pin=C23-1
Added Pin To Net: NetName=3.3V Pin=C23-2
Added Pin To Net: NetName=GND Pin=C24-1
Added Pin To Net: NetName=PC15 Pin=C24-2
Added Pin To Net: NetName=5V Pin=D4-2
Added Pin To Net: NetName=5V Pin=D5-2
Added Pin To Net: NetName=5V Pin=D6-2
Added Pin To Net: NetName=5V Pin=H4-1
Added Pin To Net: NetName=GND Pin=H4-2
Added Pin To Net: NetName=PA9 Pin=H4-3
Added Pin To Net: NetName=5V Pin=H5-1
Added Pin To Net: NetName=PA1 Pin=H5-2
Added Pin To Net: NetName=GND Pin=H5-4
Added Pin To Net: NetName=5V Pin=H6-1
Added Pin To Net: NetName=PA3 Pin=H6-2
Added Pin To Net: NetName=PA4 Pin=H6-3
Added Pin To Net: NetName=GND Pin=H6-5
Added Pin To Net: NetName=GND Pin=J2-A1_B12
Added Pin To Net: NetName=5V Pin=J2-A4_B9
Added Pin To Net: NetName=GND Pin=J2-B1_A12
Added Pin To Net: NetName=5V Pin=J2-B4_A9
Added Pin To Net: NetName=GND Pin=J2-S1
Added Pin To Net: NetName=GND Pin=J2-S2
Added Pin To Net: NetName=GND Pin=J2-S3
Added Pin To Net: NetName=GND Pin=J2-S4
Added Pin To Net: NetName=voi 1 Pin=JP3-1
Added Pin To Net: NetName=GND Pin=JP3-2
Added Pin To Net: NetName=voi 2 Pin=JP3-3
Added Pin To Net: NetName=GND Pin=JP3-4
Added Pin To Net: NetName=fan Pin=JP4-1
Added Pin To Net: NetName=GND Pin=JP4-2
Added Pin To Net: NetName=PB4 Pin=LED3-1
Added Pin To Net: NetName=GND Pin=LED3-2
Added Pin To Net: NetName=PB5 Pin=LED4-1
Added Pin To Net: NetName=GND Pin=LED4-2
Added Pin To Net: NetName=3.3V Pin=P2-1
Added Pin To Net: NetName=SWDIO Pin=P2-2
Added Pin To Net: NetName=SWDCLK Pin=P2-3
Added Pin To Net: NetName=GND Pin=P2-4
Added Pin To Net: NetName=GND Pin=Q4-1
Added Pin To Net: NetName=GND Pin=Q5-1
Added Pin To Net: NetName=GND Pin=Q6-1
Added Pin To Net: NetName=RESET Pin=R3-1
Added Pin To Net: NetName=5V Pin=R3-2
Added Pin To Net: NetName=PD1 Pin=R4-1
Added Pin To Net: NetName=PD0 Pin=R4-2
Added Pin To Net: NetName=5V Pin=RL4-1
Added Pin To Net: NetName=voi 1 Pin=RL4-3
Added Pin To Net: NetName=5V Pin=RL4-5
Added Pin To Net: NetName=5V Pin=RL5-1
Added Pin To Net: NetName=voi 2 Pin=RL5-3
Added Pin To Net: NetName=5V Pin=RL5-5
Added Pin To Net: NetName=5V Pin=RL6-1
Added Pin To Net: NetName=fan Pin=RL6-3
Added Pin To Net: NetName=5V Pin=RL6-5
Added Pin To Net: NetName=GND Pin=SW5-1
Added Pin To Net: NetName=RESET Pin=SW5-2
Added Pin To Net: NetName=GND Pin=SW6-1
Added Pin To Net: NetName=PA5 Pin=SW6-2
Added Pin To Net: NetName=GND Pin=SW7-1
Added Pin To Net: NetName=PB10 Pin=SW7-2
Added Pin To Net: NetName=GND Pin=SW8-1
Added Pin To Net: NetName=PB11 Pin=SW8-2
Added Pin To Net: NetName=GND Pin=U7-1
Added Pin To Net: NetName=5V Pin=U7-2
Added Pin To Net: NetName=PB6 Pin=U7-3
Added Pin To Net: NetName=PB7 Pin=U7-4
Added Pin To Net: NetName=5V Pin=U8-1
Added Pin To Net: NetName=GND Pin=U8-2
Added Pin To Net: NetName=5V Pin=U8-3
Added Pin To Net: NetName=3.3V Pin=U8-5
Added Pin To Net: NetName=PA8 Pin=U9-1
Added Pin To Net: NetName=GND Pin=U9-2
Added Pin To Net: NetName=5V Pin=U9-4
Added Pin To Net: NetName=VBAT Pin=U10-1
Added Pin To Net: NetName=PC13 Pin=U10-2
Added Pin To Net: NetName=PC14 Pin=U10-3
Added Pin To Net: NetName=PC15 Pin=U10-4
Added Pin To Net: NetName=PD0 Pin=U10-5
Added Pin To Net: NetName=PD1 Pin=U10-6
Added Pin To Net: NetName=RESET Pin=U10-7
Added Pin To Net: NetName=GND Pin=U10-8
Added Pin To Net: NetName=3.3V Pin=U10-9
Added Pin To Net: NetName=PA0 Pin=U10-10
Added Pin To Net: NetName=PA1 Pin=U10-11
Added Pin To Net: NetName=PA2 Pin=U10-12
Added Pin To Net: NetName=PA3 Pin=U10-13
Added Pin To Net: NetName=PA4 Pin=U10-14
Added Pin To Net: NetName=PA5 Pin=U10-15
Added Pin To Net: NetName=PA6 Pin=U10-16
Added Pin To Net: NetName=PA7 Pin=U10-17
Added Pin To Net: NetName=PB0 Pin=U10-18
Added Pin To Net: NetName=PB1 Pin=U10-19
Added Pin To Net: NetName=BOOT1 Pin=U10-20
Added Pin To Net: NetName=PB10 Pin=U10-21
Added Pin To Net: NetName=PB11 Pin=U10-22
Added Pin To Net: NetName=GND Pin=U10-23
Added Pin To Net: NetName=3.3V Pin=U10-24
Added Pin To Net: NetName=PB12 Pin=U10-25
Added Pin To Net: NetName=PB13 Pin=U10-26
Added Pin To Net: NetName=PB14 Pin=U10-27
Added Pin To Net: NetName=PB15 Pin=U10-28
Added Pin To Net: NetName=PA8 Pin=U10-29
Added Pin To Net: NetName=PA9 Pin=U10-30
Added Pin To Net: NetName=PA10 Pin=U10-31
Added Pin To Net: NetName=PA11 Pin=U10-32
Added Pin To Net: NetName=PA12 Pin=U10-33
Added Pin To Net: NetName=SWDIO Pin=U10-34
Added Pin To Net: NetName=GND Pin=U10-35
Added Pin To Net: NetName=3.3V Pin=U10-36
Added Pin To Net: NetName=SWDCLK Pin=U10-37
Added Pin To Net: NetName=PA15 Pin=U10-38
Added Pin To Net: NetName=PB3 Pin=U10-39
Added Pin To Net: NetName=PB4 Pin=U10-40
Added Pin To Net: NetName=PB5 Pin=U10-41
Added Pin To Net: NetName=PB6 Pin=U10-42
Added Pin To Net: NetName=PB7 Pin=U10-43
Added Pin To Net: NetName=BOOT0 Pin=U10-44
Added Pin To Net: NetName=PB8 Pin=U10-45
Added Pin To Net: NetName=PB9 Pin=U10-46
Added Pin To Net: NetName=GND Pin=U10-47
Added Pin To Net: NetName=3.3V Pin=U10-48
Added Pin To Net: NetName=PB15 Pin=U11-1
Added Pin To Net: NetName=GND Pin=U11-2
Added Pin To Net: NetName=5V Pin=U11-4
Added Pin To Net: NetName=PB14 Pin=U12-1
Added Pin To Net: NetName=GND Pin=U12-2
Added Pin To Net: NetName=5V Pin=U12-4
Added Pin To Net: NetName=PD0 Pin=X2-1
Added Pin To Net: NetName=PD1 Pin=X2-2
Added Pin To Net: NetName=PC15 Pin=Y2-1
Added Pin To Net: NetName=PC14 Pin=Y2-2
Added Pin To Net: NetName=NetC19_2 Pin=C19-2
Added Pin To Net: NetName=NetC19_2 Pin=U8-4
Added Net: Name=NetC19_2
Added Pin To Net: NetName=NetD4_1 Pin=D4-1
Added Pin To Net: NetName=NetD4_1 Pin=Q4-3
Added Pin To Net: NetName=NetD4_1 Pin=RL4-4
Added Net: Name=NetD4_1
Added Pin To Net: NetName=NetD5_1 Pin=D5-1
Added Pin To Net: NetName=NetD5_1 Pin=Q5-3
Added Pin To Net: NetName=NetD5_1 Pin=RL5-4
Added Net: Name=NetD5_1
Added Pin To Net: NetName=NetD6_1 Pin=D6-1
Added Pin To Net: NetName=NetD6_1 Pin=Q6-3
Added Pin To Net: NetName=NetD6_1 Pin=RL6-4
Added Net: Name=NetD6_1
Added Pin To Net: NetName=NetQ4_2 Pin=Q4-2
Added Pin To Net: NetName=NetQ4_2 Pin=U9-3
Added Net: Name=NetQ4_2
Added Pin To Net: NetName=NetQ5_2 Pin=Q5-2
Added Pin To Net: NetName=NetQ5_2 Pin=U11-3
Added Net: Name=NetQ5_2
Added Pin To Net: NetName=NetQ6_2 Pin=Q6-2
Added Pin To Net: NetName=NetQ6_2 Pin=U12-3
Added Net: Name=NetQ6_2
Added Member To Class: ClassName=Sheet2 Member=Component C13 0805
Added Member To Class: ClassName=Sheet2 Member=Component C14 0805
Added Member To Class: ClassName=Sheet2 Member=Component C15 103
Added Member To Class: ClassName=Sheet2 Member=Component C16 103
Added Member To Class: ClassName=Sheet2 Member=Component C17 103
Added Member To Class: ClassName=Sheet2 Member=Component C18 103
Added Member To Class: ClassName=Sheet2 Member=Component C19 103
Added Member To Class: ClassName=Sheet2 Member=Component C20 103
Added Member To Class: ClassName=Sheet2 Member=Component C21 103
Added Member To Class: ClassName=Sheet2 Member=Component C22 103
Added Member To Class: ClassName=Sheet2 Member=Component C23 103
Added Member To Class: ClassName=Sheet2 Member=Component C24 103
Added Member To Class: ClassName=Sheet2 Member=Component D4 1N4007
Added Member To Class: ClassName=Sheet2 Member=Component D5 1N4007
Added Member To Class: ClassName=Sheet2 Member=Component D6 1N4007
Added Member To Class: ClassName=Sheet2 Member=Component H4 HLK LD2410c
Added Member To Class: ClassName=Sheet2 Member=Component H5 DHT22
Added Member To Class: ClassName=Sheet2 Member=Component H6 HY SRF05
Added Member To Class: ClassName=Sheet2 Member=Component J2 TYPE-C-31-M-12
Added Member To Class: ClassName=Sheet2 Member=Component JP3 PHUN SUONG
Added Member To Class: ClassName=Sheet2 Member=Component JP4 QUAT
Added Member To Class: ClassName=Sheet2 Member=Component LED3 LED MODE
Added Member To Class: ClassName=Sheet2 Member=Component LED4 LED STATE
Added Member To Class: ClassName=Sheet2 Member=Component P2 Header 4
Added Member To Class: ClassName=Sheet2 Member=Component Q4 NPN_EBC
Added Member To Class: ClassName=Sheet2 Member=Component Q5 NPN_EBC
Added Member To Class: ClassName=Sheet2 Member=Component Q6 NPN_EBC
Added Member To Class: ClassName=Sheet2 Member=Component R3 1k
Added Member To Class: ClassName=Sheet2 Member=Component R4 1k
Added Member To Class: ClassName=Sheet2 Member=Component RL4 Relay 10A/12V
Added Member To Class: ClassName=Sheet2 Member=Component RL5 Relay 10A/12V
Added Member To Class: ClassName=Sheet2 Member=Component RL6 Relay 10A/12V
Added Member To Class: ClassName=Sheet2 Member=Component SW5 SW
Added Member To Class: ClassName=Sheet2 Member=Component SW6 SW
Added Member To Class: ClassName=Sheet2 Member=Component SW7 SW
Added Member To Class: ClassName=Sheet2 Member=Component SW8 SW
Added Member To Class: ClassName=Sheet2 Member=Component U7 DM-OLED096-636
Added Member To Class: ClassName=Sheet2 Member=Component U8 RT9193-33GB
Added Member To Class: ClassName=Sheet2 Member=Component U9 PC817
Added Member To Class: ClassName=Sheet2 Member=Component U10 STM32F103C8T6
Added Member To Class: ClassName=Sheet2 Member=Component U11 PC817
Added Member To Class: ClassName=Sheet2 Member=Component U12 PC817
Added Member To Class: ClassName=Sheet2 Member=Component X2 4Mhz
Added Member To Class: ClassName=Sheet2 Member=Component Y2 ABS07-32.768KHZ-T
Added Room: Name=Sheet1
Added Room: Name=Sheet2
