Add Net: Net with name "NetD?_1" already exists
Add Net: Net with name "NetD?_1" already exists
Add Net: Net with name "NetQ?_2" already exists
Add Net: Net with name "NetQ?_2" already exists
Added Member To Class: ClassName=Sheet2 Member=Component C? 103
Added Member To Class: ClassName=Sheet2 Member=Component C? 103
Added Member To Class: ClassName=Sheet2 Member=Component C? 103
Added Member To Class: ClassName=Sheet2 Member=Component C? 103
Added Member To Class: ClassName=Sheet2 Member=Component C? 0805
Added Member To Class: ClassName=Sheet2 Member=Component C? 103
Added Member To Class: ClassName=Sheet2 Member=Component C? 103
Added Member To Class: ClassName=Sheet2 Member=Component C? 103
Added Member To Class: ClassName=Sheet2 Member=Component C? 103
Added Member To Class: ClassName=Sheet2 Member=Component C? 0805
Added Member To Class: ClassName=Sheet2 Member=Component C? 103
Added Member To Class: ClassName=Sheet2 Member=Component D? 1N4007
Added Member To Class: ClassName=Sheet2 Member=Component D? 1N4007
Added Member To Class: ClassName=Sheet2 Member=Component H? HLK LD2410c
Added Member To Class: ClassName=Sheet2 Member=Component H? HY SRF05
Added Member To Class: ClassName=Sheet2 Member=Component JP? PHUN SUONG
Added Member To Class: ClassName=Sheet2 Member=Component LED? LED MODE
Added Member To Class: ClassName=Sheet2 Member=Component Q? NPN_EBC
Added Member To Class: ClassName=Sheet2 Member=Component Q? NPN_EBC
Added Member To Class: ClassName=Sheet2 Member=Component R? 1k
Added Member To Class: ClassName=Sheet2 Member=Component RL? Relay 10A/12V
Added Member To Class: ClassName=Sheet2 Member=Component RL? Relay 10A/12V
Added Member To Class: ClassName=Sheet2 Member=Component SW? SW
Added Member To Class: ClassName=Sheet2 Member=Component SW? SW
Added Member To Class: ClassName=Sheet2 Member=Component SW? SW
Added Member To Class: ClassName=Sheet2 Member=Component U? STM32F103C8T6
Added Member To Class: ClassName=Sheet2 Member=Component U? PC817
Added Member To Class: ClassName=Sheet2 Member=Component U? PC817
Added Member To Class: ClassName=Sheet2 Member=Component U? PC817
Added Member To Class: ClassName=Sheet2 Member=Component U? DM-OLED096-636
