Added Pin To Net: NetName=3.3V Pin=C5-2
Added Pin To Net: NetName=3.3V Pin=C6-2
Added Pin To Net: NetName=3.3V Pin=C11-2
Added Pin To Net: NetName=3.3V Pin=P1-1
Added Pin To Net: NetName=3.3V Pin=U2-5
Added Pin To Net: NetName=3.3V Pin=U4-9
Added Pin To Net: NetName=3.3V Pin=U4-24
Added Pin To Net: NetName=3.3V Pin=U4-36
Added Pin To Net: NetName=3.3V Pin=U4-48
Added Net: Name=3.3V
Added Pin To Net: NetName=5V Pin=C1-2
Added Pin To Net: NetName=5V Pin=C2-2
Added Pin To Net: NetName=5V Pin=C3-2
Added Pin To Net: NetName=5V Pin=C4-2
Added Pin To Net: NetName=5V Pin=D1-2
Added Pin To Net: NetName=5V Pin=D2-2
Added Pin To Net: NetName=5V Pin=D3-2
Added Pin To Net: NetName=5V Pin=H1-1
Added Pin To Net: NetName=5V Pin=H2-1
Added Pin To Net: NetName=5V Pin=H3-1
Added Pin To Net: NetName=5V Pin=J1-A4_B9
Added Pin To Net: NetName=5V Pin=J1-B4_A9
Added Pin To Net: NetName=5V Pin=R1-2
Added Pin To Net: NetName=5V Pin=R2-2
Added Pin To Net: NetName=5V Pin=R3-2
Added Pin To Net: NetName=5V Pin=RL1-1
Added Pin To Net: NetName=5V Pin=RL1-5
Added Pin To Net: NetName=5V Pin=RL2-1
Added Pin To Net: NetName=5V Pin=RL2-5
Added Pin To Net: NetName=5V Pin=RL3-1
Added Pin To Net: NetName=5V Pin=RL3-5
Added Pin To Net: NetName=5V Pin=U1-2
Added Pin To Net: NetName=5V Pin=U2-1
Added Pin To Net: NetName=5V Pin=U2-3
Added Pin To Net: NetName=5V Pin=U3-4
Added Pin To Net: NetName=5V Pin=U5-4
Added Pin To Net: NetName=5V Pin=U6-4
Added Net: Name=5V
Added Pin To Net: NetName=BOOT0 Pin=U4-44
Added Net: Name=BOOT0
Added Pin To Net: NetName=BOOT1 Pin=U4-20
Added Net: Name=BOOT1
Added Pin To Net: NetName=fan Pin=JP2-1
Added Pin To Net: NetName=fan Pin=RL3-3
Added Net: Name=fan
Added Pin To Net: NetName=GND Pin=C1-1
Added Pin To Net: NetName=GND Pin=C2-1
Added Pin To Net: NetName=GND Pin=C3-1
Added Pin To Net: NetName=GND Pin=C4-1
Added Pin To Net: NetName=GND Pin=C5-1
Added Pin To Net: NetName=GND Pin=C6-1
Added Pin To Net: NetName=GND Pin=C7-1
Added Pin To Net: NetName=GND Pin=C8-1
Added Pin To Net: NetName=GND Pin=C9-1
Added Pin To Net: NetName=GND Pin=C10-1
Added Pin To Net: NetName=GND Pin=C11-1
Added Pin To Net: NetName=GND Pin=C12-1
Added Pin To Net: NetName=GND Pin=H1-2
Added Pin To Net: NetName=GND Pin=H2-4
Added Pin To Net: NetName=GND Pin=H3-5
Added Pin To Net: NetName=GND Pin=J1-A1_B12
Added Pin To Net: NetName=GND Pin=J1-B1_A12
Added Pin To Net: NetName=GND Pin=J1-S1
Added Pin To Net: NetName=GND Pin=J1-S2
Added Pin To Net: NetName=GND Pin=J1-S3
Added Pin To Net: NetName=GND Pin=J1-S4
Added Pin To Net: NetName=GND Pin=JP1-2
Added Pin To Net: NetName=GND Pin=JP1-4
Added Pin To Net: NetName=GND Pin=JP2-2
Added Pin To Net: NetName=GND Pin=LED1-2
Added Pin To Net: NetName=GND Pin=LED2-2
Added Pin To Net: NetName=GND Pin=P1-4
Added Pin To Net: NetName=GND Pin=Q1-1
Added Pin To Net: NetName=GND Pin=Q2-1
Added Pin To Net: NetName=GND Pin=Q3-1
Added Pin To Net: NetName=GND Pin=SW1-1
Added Pin To Net: NetName=GND Pin=SW2-1
Added Pin To Net: NetName=GND Pin=SW3-1
Added Pin To Net: NetName=GND Pin=SW4-1
Added Pin To Net: NetName=GND Pin=U1-1
Added Pin To Net: NetName=GND Pin=U2-2
Added Pin To Net: NetName=GND Pin=U3-2
Added Pin To Net: NetName=GND Pin=U4-8
Added Pin To Net: NetName=GND Pin=U4-23
Added Pin To Net: NetName=GND Pin=U4-35
Added Pin To Net: NetName=GND Pin=U4-47
Added Pin To Net: NetName=GND Pin=U5-2
Added Pin To Net: NetName=GND Pin=U6-2
Added Net: Name=GND
Added Pin To Net: NetName=NetC7_2 Pin=C7-2
Added Pin To Net: NetName=NetC7_2 Pin=U2-4
Added Net: Name=NetC7_2
Added Pin To Net: NetName=NetD1_1 Pin=D1-1
Added Pin To Net: NetName=NetD1_1 Pin=Q1-3
Added Pin To Net: NetName=NetD1_1 Pin=RL1-4
Added Net: Name=NetD1_1
Added Pin To Net: NetName=NetD2_1 Pin=D2-1
Added Pin To Net: NetName=NetD2_1 Pin=Q2-3
Added Pin To Net: NetName=NetD2_1 Pin=RL2-4
Added Net: Name=NetD2_1
Added Pin To Net: NetName=NetD3_1 Pin=D3-1
Added Pin To Net: NetName=NetD3_1 Pin=Q3-3
Added Pin To Net: NetName=NetD3_1 Pin=RL3-4
Added Net: Name=NetD3_1
Added Pin To Net: NetName=NetQ1_2 Pin=Q1-2
Added Pin To Net: NetName=NetQ1_2 Pin=U3-3
Added Net: Name=NetQ1_2
Added Pin To Net: NetName=NetQ2_2 Pin=Q2-2
Added Pin To Net: NetName=NetQ2_2 Pin=U5-3
Added Net: Name=NetQ2_2
Added Pin To Net: NetName=NetQ3_2 Pin=Q3-2
Added Pin To Net: NetName=NetQ3_2 Pin=U6-3
Added Net: Name=NetQ3_2
Added Pin To Net: NetName=PA0 Pin=U4-10
Added Net: Name=PA0
Added Pin To Net: NetName=PA1 Pin=H2-2
Added Pin To Net: NetName=PA1 Pin=U4-11
Added Net: Name=PA1
Added Pin To Net: NetName=PA2 Pin=LED2-1
Added Pin To Net: NetName=PA2 Pin=U4-12
Added Net: Name=PA2
Added Pin To Net: NetName=PA3 Pin=LED1-1
Added Pin To Net: NetName=PA3 Pin=U4-13
Added Net: Name=PA3
Added Pin To Net: NetName=PA4 Pin=H1-3
Added Pin To Net: NetName=PA4 Pin=U4-14
Added Net: Name=PA4
Added Pin To Net: NetName=PA5 Pin=U4-15
Added Net: Name=PA5
Added Pin To Net: NetName=PA6 Pin=U4-16
Added Net: Name=PA6
Added Pin To Net: NetName=PA7 Pin=U4-17
Added Pin To Net: NetName=PA7 Pin=U6-1
Added Net: Name=PA7
Added Pin To Net: NetName=PA8 Pin=U4-29
Added Net: Name=PA8
Added Pin To Net: NetName=PA9 Pin=U4-30
Added Net: Name=PA9
Added Pin To Net: NetName=PA10 Pin=U4-31
Added Net: Name=PA10
Added Pin To Net: NetName=PA11 Pin=U4-32
Added Net: Name=PA11
Added Pin To Net: NetName=PA12 Pin=U4-33
Added Net: Name=PA12
Added Pin To Net: NetName=PA15 Pin=U4-38
Added Net: Name=PA15
Added Pin To Net: NetName=PB0 Pin=U4-18
Added Net: Name=PB0
Added Pin To Net: NetName=PB1 Pin=U4-19
Added Pin To Net: NetName=PB1 Pin=U5-1
Added Net: Name=PB1
Added Pin To Net: NetName=PB3 Pin=U4-39
Added Net: Name=PB3
Added Pin To Net: NetName=PB4 Pin=SW4-2
Added Pin To Net: NetName=PB4 Pin=U4-40
Added Net: Name=PB4
Added Pin To Net: NetName=PB5 Pin=U4-41
Added Net: Name=PB5
Added Pin To Net: NetName=PB6 Pin=R1-1
Added Pin To Net: NetName=PB6 Pin=U1-3
Added Pin To Net: NetName=PB6 Pin=U4-42
Added Net: Name=PB6
Added Pin To Net: NetName=PB7 Pin=R2-1
Added Pin To Net: NetName=PB7 Pin=U1-4
Added Pin To Net: NetName=PB7 Pin=U4-43
Added Net: Name=PB7
Added Pin To Net: NetName=PB8 Pin=SW3-2
Added Pin To Net: NetName=PB8 Pin=U4-45
Added Net: Name=PB8
Added Pin To Net: NetName=PB9 Pin=SW2-2
Added Pin To Net: NetName=PB9 Pin=U4-46
Added Net: Name=PB9
Added Pin To Net: NetName=PB10 Pin=U3-1
Added Pin To Net: NetName=PB10 Pin=U4-21
Added Net: Name=PB10
Added Pin To Net: NetName=PB11 Pin=U4-22
Added Net: Name=PB11
Added Pin To Net: NetName=PB12 Pin=U4-25
Added Net: Name=PB12
Added Pin To Net: NetName=PB13 Pin=U4-26
Added Net: Name=PB13
Added Pin To Net: NetName=PB14 Pin=H3-2
Added Pin To Net: NetName=PB14 Pin=U4-27
Added Net: Name=PB14
Added Pin To Net: NetName=PB15 Pin=H3-3
Added Pin To Net: NetName=PB15 Pin=U4-28
Added Net: Name=PB15
Added Pin To Net: NetName=PC13 Pin=U4-2
Added Net: Name=PC13
Added Pin To Net: NetName=PC14 Pin=C10-2
Added Pin To Net: NetName=PC14 Pin=U4-3
Added Pin To Net: NetName=PC14 Pin=Y1-2
Added Net: Name=PC14
Added Pin To Net: NetName=PC15 Pin=C12-2
Added Pin To Net: NetName=PC15 Pin=U4-4
Added Pin To Net: NetName=PC15 Pin=Y1-1
Added Net: Name=PC15
Added Pin To Net: NetName=PD0 Pin=C8-2
Added Pin To Net: NetName=PD0 Pin=R4-2
Added Pin To Net: NetName=PD0 Pin=U4-5
Added Pin To Net: NetName=PD0 Pin=X1-1
Added Net: Name=PD0
Added Pin To Net: NetName=PD1 Pin=C9-2
Added Pin To Net: NetName=PD1 Pin=R4-1
Added Pin To Net: NetName=PD1 Pin=U4-6
Added Pin To Net: NetName=PD1 Pin=X1-2
Added Net: Name=PD1
Added Pin To Net: NetName=RESET Pin=R3-1
Added Pin To Net: NetName=RESET Pin=SW1-2
Added Pin To Net: NetName=RESET Pin=U4-7
Added Net: Name=RESET
Added Pin To Net: NetName=SWDCLK Pin=P1-3
Added Pin To Net: NetName=SWDCLK Pin=U4-37
Added Net: Name=SWDCLK
Added Pin To Net: NetName=SWDIO Pin=P1-2
Added Pin To Net: NetName=SWDIO Pin=U4-34
Added Net: Name=SWDIO
Added Pin To Net: NetName=VBAT Pin=U4-1
Added Net: Name=VBAT
Added Pin To Net: NetName=voi 1 Pin=JP1-1
Added Pin To Net: NetName=voi 1 Pin=RL2-3
Added Net: Name=voi 1
Added Pin To Net: NetName=voi 2 Pin=JP1-3
Added Pin To Net: NetName=voi 2 Pin=RL1-3
Added Net: Name=voi 2
Added Class: Name=Sheet1
Added Room: Name=Sheet1
