Add Component: Footprint Not Found HRO_TYPE-C-31-M-12
Add Component: Footprint Not Found DHT22
Add Component: Footprint Not Found MODULE_DM-OLED096-636
Add Component: Footprint Not Found SOT94P279X129-5N
Add Component: Footprint Not Found QFP50P900X900X160-48N
Add Component: Footprint Not Found XTAL_ABS07-32.768KHZ-T
Added Pin To Net: NetName=GND Pin=C3-1
Added Pin To Net: NetName=GND Pin=C4-1
Added Pin To Net: NetName=GND Pin=C5-1
Added Pin To Net: NetName=GND Pin=C6-1
Added Pin To Net: NetName=GND Pin=C7-1
Added Pin To Net: NetName=PA4 Pin=H1-3
Added Pin To Net: NetName=PB4 Pin=H2-2
Added Pin To Net: NetName=PB5 Pin=H2-3
Add Pin To Net: Unknown Pin: Pin J1-A1_B12
Add Pin To Net: Unknown Pin: Pin J1-A4_B9
Add Pin To Net: Unknown Pin: Pin J1-B1_A12
Add Pin To Net: Unknown Pin: Pin J1-B4_A9
Add Pin To Net: Unknown Pin: Pin J1-S1
Add Pin To Net: Unknown Pin: Pin J1-S2
Add Pin To Net: Unknown Pin: Pin J1-S3
Add Pin To Net: Unknown Pin: Pin J1-S4
Add Pin To Net: Unknown Pin: Pin J2-DATA
Add Pin To Net: Unknown Pin: Pin J2-GND
Add Pin To Net: Unknown Pin: Pin J2-VDD
Added Pin To Net: NetName=PA3 Pin=LED1-1
Added Pin To Net: NetName=PA2 Pin=LED2-1
Added Pin To Net: NetName=PB9 Pin=SW1-2
Added Pin To Net: NetName=PB8 Pin=SW2-2
Added Pin To Net: NetName=PB4 Pin=SW3-2
Add Pin To Net: Unknown Pin: Pin U1-1
Add Pin To Net: Unknown Pin: Pin U1-2
Add Pin To Net: Unknown Pin: Pin U1-3
Add Pin To Net: Unknown Pin: Pin U1-4
Add Pin To Net: Unknown Pin: Pin U2-1
Add Pin To Net: Unknown Pin: Pin U2-2
Add Pin To Net: Unknown Pin: Pin U2-3
Add Pin To Net: Unknown Pin: Pin U2-4
Add Pin To Net: Unknown Pin: Pin U2-5
Added Pin To Net: NetName=PB0 Pin=U3-1
Add Pin To Net: Unknown Pin: Pin U4-1
Add Pin To Net: Unknown Pin: Pin U4-2
Add Pin To Net: Unknown Pin: Pin U4-3
Add Pin To Net: Unknown Pin: Pin U4-4
Add Pin To Net: Unknown Pin: Pin U4-5
Add Pin To Net: Unknown Pin: Pin U4-6
Add Pin To Net: Unknown Pin: Pin U4-7
Add Pin To Net: Unknown Pin: Pin U4-8
Add Pin To Net: Unknown Pin: Pin U4-9
Add Pin To Net: Unknown Pin: Pin U4-10
Add Pin To Net: Unknown Pin: Pin U4-11
Add Pin To Net: Unknown Pin: Pin U4-12
Add Pin To Net: Unknown Pin: Pin U4-13
Add Pin To Net: Unknown Pin: Pin U4-14
Add Pin To Net: Unknown Pin: Pin U4-15
Add Pin To Net: Unknown Pin: Pin U4-16
Add Pin To Net: Unknown Pin: Pin U4-17
Add Pin To Net: Unknown Pin: Pin U4-18
Add Pin To Net: Unknown Pin: Pin U4-19
Add Pin To Net: Unknown Pin: Pin U4-20
Add Pin To Net: Unknown Pin: Pin U4-21
Add Pin To Net: Unknown Pin: Pin U4-22
Add Pin To Net: Unknown Pin: Pin U4-23
Add Pin To Net: Unknown Pin: Pin U4-24
Add Pin To Net: Unknown Pin: Pin U4-25
Add Pin To Net: Unknown Pin: Pin U4-26
Add Pin To Net: Unknown Pin: Pin U4-27
Add Pin To Net: Unknown Pin: Pin U4-28
Add Pin To Net: Unknown Pin: Pin U4-29
Add Pin To Net: Unknown Pin: Pin U4-30
Add Pin To Net: Unknown Pin: Pin U4-31
Add Pin To Net: Unknown Pin: Pin U4-32
Add Pin To Net: Unknown Pin: Pin U4-33
Add Pin To Net: Unknown Pin: Pin U4-34
Add Pin To Net: Unknown Pin: Pin U4-35
Add Pin To Net: Unknown Pin: Pin U4-36
Add Pin To Net: Unknown Pin: Pin U4-37
Add Pin To Net: Unknown Pin: Pin U4-38
Add Pin To Net: Unknown Pin: Pin U4-39
Add Pin To Net: Unknown Pin: Pin U4-40
Add Pin To Net: Unknown Pin: Pin U4-41
Add Pin To Net: Unknown Pin: Pin U4-42
Add Pin To Net: Unknown Pin: Pin U4-43
Add Pin To Net: Unknown Pin: Pin U4-44
Add Pin To Net: Unknown Pin: Pin U4-45
Add Pin To Net: Unknown Pin: Pin U4-46
Add Pin To Net: Unknown Pin: Pin U4-47
Add Pin To Net: Unknown Pin: Pin U4-48
Added Pin To Net: NetName=PB1 Pin=U5-1
Added Pin To Net: NetName=PA7 Pin=U6-1
Add Pin To Net: Unknown Pin: Pin Y1-1
Add Pin To Net: Unknown Pin: Pin Y1-2
Add Class Member: Failed to add class member : Component J1 TYPE-C-31-M-12
Add Class Member: Failed to add class member : Component J2 DHT22
Add Class Member: Failed to add class member : Component U1 DM-OLED096-636
Add Class Member: Failed to add class member : Component U2 RT9193-33GB
Add Class Member: Failed to add class member : Component U4 STM32F103C8T6
Add Class Member: Failed to add class member : Component Y1 ABS07-32.768KHZ-T
Added Room: Name=Sheet1.~(27)
