Add Component: Footprint Not Found HRO_TYPE-C-31-M-12
Add Component: Footprint Not Found DHT22
Add Component: Footprint Not Found MODULE_DM-OLED096-636
Add Component: Footprint Not Found SOT94P279X129-5N
Added Component: Designator=U4(QFP50P900X900X160-48N)
Add component (AddParameter): Name = "Check_prices"; Value = "https://www.snapeda.com/parts/STM32F103C8T6/STMicroelectronics/view-part/?ref=eda"; VariantName = "[No Variations]"
Add component (AddParameter): Name = "MF"; Value = "STMicroelectronics"; VariantName = "[No Variations]"
Add component (AddParameter): Name = "MP"; Value = "STM32F103C8T6"; VariantName = "[No Variations]"
Add component (AddParameter): Name = "Package"; Value = "LQFP-48 STMicroelectronics"; VariantName = "[No Variations]"
Add component (AddParameter): Name = "SnapEDA_Link"; Value = "https://www.snapeda.com/parts/STM32F103C8T6/STMicroelectronics/view-part/?ref=snap"; VariantName = "[No Variations]"
Add component (AddParameter): Name = "Value"; Value = ""; VariantName = "[No Variations]"
Add Component: Footprint Not Found XTAL_ABS07-32.768KHZ-T
Add Pin To Net: Unknown Pin: Pin J1-A1_B12
Add Pin To Net: Unknown Pin: Pin J1-A4_B9
Add Pin To Net: Unknown Pin: Pin J1-B1_A12
Add Pin To Net: Unknown Pin: Pin J1-B4_A9
Add Pin To Net: Unknown Pin: Pin J1-S1
Add Pin To Net: Unknown Pin: Pin J1-S2
Add Pin To Net: Unknown Pin: Pin J1-S3
Add Pin To Net: Unknown Pin: Pin J1-S4
Add Pin To Net: Unknown Pin: Pin J2-DATA
Add Pin To Net: Unknown Pin: Pin J2-GND
Add Pin To Net: Unknown Pin: Pin J2-VDD
Add Pin To Net: Unknown Pin: Pin U1-1
Add Pin To Net: Unknown Pin: Pin U1-2
Add Pin To Net: Unknown Pin: Pin U1-3
Add Pin To Net: Unknown Pin: Pin U1-4
Add Pin To Net: Unknown Pin: Pin U2-1
Add Pin To Net: Unknown Pin: Pin U2-2
Add Pin To Net: Unknown Pin: Pin U2-3
Add Pin To Net: Unknown Pin: Pin U2-4
Add Pin To Net: Unknown Pin: Pin U2-5
Added Pin To Net: NetName=VBAT Pin=U4-1
Added Pin To Net: NetName=PC13 Pin=U4-2
Added Pin To Net: NetName=PC14 Pin=U4-3
Added Pin To Net: NetName=PC15 Pin=U4-4
Added Pin To Net: NetName=PD0 Pin=U4-5
Added Pin To Net: NetName=PD1 Pin=U4-6
Added Pin To Net: NetName=RESET Pin=U4-7
Added Pin To Net: NetName=GND Pin=U4-8
Added Pin To Net: NetName=3.3V Pin=U4-9
Added Pin To Net: NetName=PA0 Pin=U4-10
Added Pin To Net: NetName=PA1 Pin=U4-11
Added Pin To Net: NetName=PA2 Pin=U4-12
Added Pin To Net: NetName=PA3 Pin=U4-13
Added Pin To Net: NetName=PA4 Pin=U4-14
Added Pin To Net: NetName=PA5 Pin=U4-15
Added Pin To Net: NetName=PA6 Pin=U4-16
Added Pin To Net: NetName=PA7 Pin=U4-17
Added Pin To Net: NetName=PB0 Pin=U4-18
Added Pin To Net: NetName=PB1 Pin=U4-19
Added Pin To Net: NetName=BOOT1 Pin=U4-20
Added Pin To Net: NetName=PB10 Pin=U4-21
Added Pin To Net: NetName=PB11 Pin=U4-22
Added Pin To Net: NetName=GND Pin=U4-23
Added Pin To Net: NetName=3.3V Pin=U4-24
Added Pin To Net: NetName=PB12 Pin=U4-25
Added Pin To Net: NetName=PB13 Pin=U4-26
Added Pin To Net: NetName=PB14 Pin=U4-27
Added Pin To Net: NetName=PB15 Pin=U4-28
Added Pin To Net: NetName=PA8 Pin=U4-29
Added Pin To Net: NetName=PA9 Pin=U4-30
Added Pin To Net: NetName=PA10 Pin=U4-31
Added Pin To Net: NetName=PA11 Pin=U4-32
Added Pin To Net: NetName=PA12 Pin=U4-33
Added Pin To Net: NetName=SWDIO Pin=U4-34
Added Pin To Net: NetName=GND Pin=U4-35
Added Pin To Net: NetName=3.3V Pin=U4-36
Added Pin To Net: NetName=SWDCLK Pin=U4-37
Added Pin To Net: NetName=PA15 Pin=U4-38
Added Pin To Net: NetName=PB3 Pin=U4-39
Added Pin To Net: NetName=PB4 Pin=U4-40
Added Pin To Net: NetName=PB5 Pin=U4-41
Added Pin To Net: NetName=PB6 Pin=U4-42
Added Pin To Net: NetName=PB7 Pin=U4-43
Added Pin To Net: NetName=BOOT0 Pin=U4-44
Added Pin To Net: NetName=PB8 Pin=U4-45
Added Pin To Net: NetName=PB9 Pin=U4-46
Added Pin To Net: NetName=GND Pin=U4-47
Added Pin To Net: NetName=3.3V Pin=U4-48
Add Pin To Net: Unknown Pin: Pin Y1-1
Add Pin To Net: Unknown Pin: Pin Y1-2
Add Class Member: Failed to add class member : Component J1 TYPE-C-31-M-12
Add Class Member: Failed to add class member : Component J2 DHT22
Add Class Member: Failed to add class member : Component U1 DM-OLED096-636
Add Class Member: Failed to add class member : Component U2 RT9193-33GB
Added Member To Class: ClassName=Sheet1.~(27) Member=Component U4 STM32F103C8T6
Add Class Member: Failed to add class member : Component Y1 ABS07-32.768KHZ-T
Added Room: Name=Sheet1.~(27)
