Removed Pin From Net: NetName=PA3 Pin=LED1-1
Removed Pin From Net: NetName=GND Pin=LED1-2
Removed Pin From Net: NetName=PA2 Pin=LED2-1
Removed Pin From Net: NetName=GND Pin=LED2-2
Removed Member From Class: ClassName=Sheet1.~(27) Member=LED1
Removed Member From Class: ClassName=Sheet1.~(27) Member=LED2
Change Component Designator: OldDesignator=R1 NewDesignator=R3
Change Component Designator: OldDesignator=R2 NewDesignator=R4
Change Component Designator: OldDesignator=R3 NewDesignator=R5
Change Component Designator: OldDesignator=R4 NewDesignator=R6
Change Component Designator: OldDesignator=R5 NewDesignator=R7
Added Component: Designator=L1(LED-0805-Yellow)
Add component (AddParameter): Name = "Chung_Loai"; Value = "Dán"; VariantName = "[No Variations]"
Add component (AddParameter): Name = "Don_Vi"; Value = "Con"; VariantName = "[No Variations]"
Add component (AddParameter): Name = "Ghi_Chu"; Value = ""; VariantName = "[No Variations]"
Add component (AddParameter): Name = "Kieu_Chan"; Value = ""; VariantName = "[No Variations]"
Add component (AddParameter): Name = "Ma_Hang"; Value = "MH002329"; VariantName = "[No Variations]"
Add component (AddParameter): Name = "Ten_Linh_Kien"; Value = "LED 0805 Màu Vàng ( Yellow)"; VariantName = "[No Variations]"
Added Component: Designator=L2(LED-0805-Green)
Add component (AddParameter): Name = "Chung_Loai"; Value = "Dán"; VariantName = "[No Variations]"
Add component (AddParameter): Name = "Don_Vi"; Value = "Con"; VariantName = "[No Variations]"
Add component (AddParameter): Name = "Ghi_Chu"; Value = ""; VariantName = "[No Variations]"
Add component (AddParameter): Name = "Kieu_Chan"; Value = ""; VariantName = "[No Variations]"
Add component (AddParameter): Name = "Ma_Hang"; Value = "MH002326"; VariantName = "[No Variations]"
Add component (AddParameter): Name = "Ten_Linh_Kien"; Value = "LED 0805 Màu Xanh Lá (Green)"; VariantName = "[No Variations]"
Added Component: Designator=R1(tro smd 0603)
Add component (AddParameter): Name = "Chung_Loai"; Value = "Dán"; VariantName = "[No Variations]"
Add component (AddParameter): Name = "Don_Vi"; Value = "Con"; VariantName = "[No Variations]"
Add component (AddParameter): Name = "Kieu_Chan"; Value = ""; VariantName = "[No Variations]"
Add component (AddParameter): Name = "Ma_Hang"; Value = "MH005792"; VariantName = "[No Variations]"
Add component (AddParameter): Name = "So_Chan"; Value = "2"; VariantName = "[No Variations]"
Add component (AddParameter): Name = "Ten_Linh_Kien"; Value = "Tr? 0603 1% 0R"; VariantName = "[No Variations]"
Added Component: Designator=R2(tro smd 0603)
Add component (AddParameter): Name = "Chung_Loai"; Value = "Dán"; VariantName = "[No Variations]"
Add component (AddParameter): Name = "Don_Vi"; Value = "Con"; VariantName = "[No Variations]"
Add component (AddParameter): Name = "Kieu_Chan"; Value = ""; VariantName = "[No Variations]"
Add component (AddParameter): Name = "Ma_Hang"; Value = "MH005792"; VariantName = "[No Variations]"
Add component (AddParameter): Name = "So_Chan"; Value = "2"; VariantName = "[No Variations]"
Add component (AddParameter): Name = "Ten_Linh_Kien"; Value = "Tr? 0603 1% 0R"; VariantName = "[No Variations]"
Added Pin To Net: NetName=GND Pin=L1-2
Added Pin To Net: NetName=GND Pin=L2-2
Added Pin To Net: NetName=NetL1_1 Pin=L1-1
Added Pin To Net: NetName=NetL1_1 Pin=R1-2
Added Net: Name=NetL1_1
Added Pin To Net: NetName=NetL2_1 Pin=L2-1
Added Pin To Net: NetName=NetL2_1 Pin=R2-2
Added Net: Name=NetL2_1
Added Member To Class: ClassName=Sheet1.~(27) Member=Component L1 LED 0805
Added Member To Class: ClassName=Sheet1.~(27) Member=Component L2 LED 0805
Added Member To Class: ClassName=Sheet1.~(27) Member=Component R6 1k
Added Member To Class: ClassName=Sheet1.~(27) Member=Component R7 1k
Added Room: Name=Sheet1.~(27)
